        -:    0:Source:dominion.c
        -:    0:Graph:dominion.gcno
        -:    0:Data:dominion.gcda
        -:    0:Runs:8
        -:    0:Programs:8
        -:    1:#include "dominion.h"
        -:    2:#include "dominion_helpers.h"
        -:    3:#include "rngs.h"
        -:    4:#include <stdio.h>
        -:    5:#include <math.h>
        -:    6:#include <stdlib.h>
        -:    7:
      270:    8:int compare(const void* a, const void* b) {
      270:    9:  if (*(int*)a > *(int*)b)
    #####:   10:    return 1;
      270:   11:  if (*(int*)a < *(int*)b)
       72:   12:    return -1;
      198:   13:  return 0;
        -:   14:}
        -:   15:
    #####:   16:struct gameState* newGame() {
    #####:   17:  struct gameState* g = malloc(sizeof(struct gameState));
    #####:   18:  return g;
        -:   19:}
        -:   20:
    #####:   21:int* kingdomCards(int k1, int k2, int k3, int k4, int k5, int k6, int k7,
        -:   22:		  int k8, int k9, int k10) {
    #####:   23:  int* k = malloc(10 * sizeof(int));
    #####:   24:  k[0] = k1;
    #####:   25:  k[1] = k2;
    #####:   26:  k[2] = k3;
    #####:   27:  k[3] = k4;
    #####:   28:  k[4] = k5;
    #####:   29:  k[5] = k6;
    #####:   30:  k[6] = k7;
    #####:   31:  k[7] = k8;
    #####:   32:  k[8] = k9;
    #####:   33:  k[9] = k10;
    #####:   34:  return k;
        -:   35:}
        -:   36:
        9:   37:int initializeGame(int numPlayers, int kingdomCards[10], int randomSeed,
        -:   38:		   struct gameState *state) {
        -:   39:
        -:   40:  int i;
        -:   41:  int j;
        -:   42:  int it;			
        -:   43:  //set up random number generator
        9:   44:  SelectStream(1);
        9:   45:  PutSeed((long)randomSeed);
        -:   46:  
        -:   47:  //check number of players
        9:   48:  if (numPlayers > MAX_PLAYERS || numPlayers < 2)
        -:   49:    {
    #####:   50:      return -1;
        -:   51:    }
        -:   52:
        -:   53:  //set number of players
        9:   54:  state->numPlayers = numPlayers;
        -:   55:
        -:   56:  //check selected kingdom cards are different
       99:   57:  for (i = 0; i < 10; i++)
        -:   58:    {
      990:   59:      for (j = 0; j < 10; j++)
        -:   60:        {
      900:   61:	  if (j != i && kingdomCards[j] == kingdomCards[i])
        -:   62:	    {
    #####:   63:	      return -1;
        -:   64:	    }
        -:   65:        }
        -:   66:    }
        -:   67:
        -:   68:
        -:   69:  //initialize supply
        -:   70:  ///////////////////////////////
        -:   71:
        -:   72:  //set number of Curse cards
        9:   73:  if (numPlayers == 2)
        -:   74:    {
        9:   75:      state->supplyCount[curse] = 10;
        -:   76:    }
    #####:   77:  else if (numPlayers == 3)
        -:   78:    {
    #####:   79:      state->supplyCount[curse] = 20;
        -:   80:    }
        -:   81:  else
        -:   82:    {
    #####:   83:      state->supplyCount[curse] = 30;
        -:   84:    }
        -:   85:
        -:   86:  //set number of Victory cards
        9:   87:  if (numPlayers == 2)
        -:   88:    {
        9:   89:      state->supplyCount[estate] = 8;
        9:   90:      state->supplyCount[duchy] = 8;
        9:   91:      state->supplyCount[province] = 8;
        -:   92:    }
        -:   93:  else
        -:   94:    {
    #####:   95:      state->supplyCount[estate] = 12;
    #####:   96:      state->supplyCount[duchy] = 12;
    #####:   97:      state->supplyCount[province] = 12;
        -:   98:    }
        -:   99:
        -:  100:  //set number of Treasure cards
        9:  101:  state->supplyCount[copper] = 60 - (7 * numPlayers);
        9:  102:  state->supplyCount[silver] = 40;
        9:  103:  state->supplyCount[gold] = 30;
        -:  104:
        -:  105:  //set number of Kingdom cards
      189:  106:  for (i = adventurer; i <= treasure_map; i++)       	//loop all cards
        -:  107:    {
     1485:  108:      for (j = 0; j < 10; j++)           		//loop chosen cards
        -:  109:	{
     1395:  110:	  if (kingdomCards[j] == i)
        -:  111:	    {
        -:  112:	      //check if card is a 'Victory' Kingdom card
       90:  113:	      if (kingdomCards[j] == great_hall || kingdomCards[j] == gardens)
        -:  114:		{
       18:  115:		  if (numPlayers == 2){ 
        9:  116:		    state->supplyCount[i] = 8; 
        -:  117:		  }
    #####:  118:		  else{ state->supplyCount[i] = 12; }
        -:  119:		}
        -:  120:	      else
        -:  121:		{
       81:  122:		  state->supplyCount[i] = 10;
        -:  123:		}
       90:  124:	      break;
        -:  125:	    }
        -:  126:	  else    //card is not in the set choosen for the game
        -:  127:	    {
     1305:  128:	      state->supplyCount[i] = -1;
        -:  129:	    }
        -:  130:	}
        -:  131:
        -:  132:    }
        -:  133:
        -:  134:  ////////////////////////
        -:  135:  //supply intilization complete
        -:  136:
        -:  137:  //set player decks
       27:  138:  for (i = 0; i < numPlayers; i++)
        -:  139:    {
       18:  140:      state->deckCount[i] = 0;
       72:  141:      for (j = 0; j < 3; j++)
        -:  142:	{
       54:  143:	  state->deck[i][j] = estate;
       54:  144:	  state->deckCount[i]++;
        -:  145:	}
      144:  146:      for (j = 3; j < 10; j++)
        -:  147:	{
      126:  148:	  state->deck[i][j] = copper;
      126:  149:	  state->deckCount[i]++;		
        -:  150:	}
        -:  151:    }
        -:  152:
        -:  153:  //shuffle player decks
       27:  154:  for (i = 0; i < numPlayers; i++)
        -:  155:    {
       18:  156:      if ( shuffle(i, state) < 0 )
        -:  157:	{
    #####:  158:	  return -1;
        -:  159:	}
        -:  160:    }
        -:  161:
        -:  162:  //draw player hands
       27:  163:  for (i = 0; i < numPlayers; i++)
        -:  164:    {  
        -:  165:      //initialize hand size to zero
       18:  166:      state->handCount[i] = 0;
       18:  167:      state->discardCount[i] = 0;
        -:  168:      //draw 5 cards
        -:  169:      // for (j = 0; j < 5; j++)
        -:  170:      //	{
        -:  171:      //	  drawCard(i, state);
        -:  172:      //	}
        -:  173:    }
        -:  174:  
        -:  175:  //set embargo tokens to 0 for all supply piles
      252:  176:  for (i = 0; i <= treasure_map; i++)
        -:  177:    {
      243:  178:      state->embargoTokens[i] = 0;
        -:  179:    }
        -:  180:
        -:  181:  //initialize first player's turn
        9:  182:  state->outpostPlayed = 0;
        9:  183:  state->phase = 0;
        9:  184:  state->numActions = 1;
        9:  185:  state->numBuys = 1;
        9:  186:  state->playedCardCount = 0;
        9:  187:  state->whoseTurn = 0;
        9:  188:  state->handCount[state->whoseTurn] = 0;
        -:  189:  //int it; move to top
        -:  190:
        -:  191:  //Moved draw cards to here, only drawing at the start of a turn
       54:  192:  for (it = 0; it < 5; it++){
       45:  193:    drawCard(state->whoseTurn, state);
        -:  194:  }
        -:  195:
        9:  196:  updateCoins(state->whoseTurn, state, 0);
        -:  197:
        9:  198:  return 0;
        -:  199:}
        -:  200:
       18:  201:int shuffle(int player, struct gameState *state) {
        -:  202: 
        -:  203:
        -:  204:  int newDeck[MAX_DECK];
       18:  205:  int newDeckPos = 0;
        -:  206:  int card;
        -:  207:  int i;
        -:  208:
       18:  209:  if (state->deckCount[player] < 1)
    #####:  210:    return -1;
       18:  211:  qsort ((void*)(state->deck[player]), state->deckCount[player], sizeof(int), compare); 
        -:  212:  /* SORT CARDS IN DECK TO ENSURE DETERMINISM! */
        -:  213:
      216:  214:  while (state->deckCount[player] > 0) {
      180:  215:    card = floor(Random() * state->deckCount[player]);
      180:  216:    newDeck[newDeckPos] = state->deck[player][card];
      180:  217:    newDeckPos++;
      648:  218:    for (i = card; i < state->deckCount[player]-1; i++) {
      468:  219:      state->deck[player][i] = state->deck[player][i+1];
        -:  220:    }
      180:  221:    state->deckCount[player]--;
        -:  222:  }
      198:  223:  for (i = 0; i < newDeckPos; i++) {
      180:  224:    state->deck[player][i] = newDeck[i];
      180:  225:    state->deckCount[player]++;
        -:  226:  }
        -:  227:
       18:  228:  return 0;
        -:  229:}
        -:  230:
    #####:  231:int playCard(int handPos, int choice1, int choice2, int choice3, struct gameState *state) 
        -:  232:{	
        -:  233:  int card;
    #####:  234:  int coin_bonus = 0; 		//tracks coins gain from actions
        -:  235:
        -:  236:  //check if it is the right phase
    #####:  237:  if (state->phase != 0)
        -:  238:    {
    #####:  239:      return -1;
        -:  240:    }
        -:  241:	
        -:  242:  //check if player has enough actions
    #####:  243:  if ( state->numActions < 1 )
        -:  244:    {
    #####:  245:      return -1;
        -:  246:    }
        -:  247:	
        -:  248:  //get card played
    #####:  249:  card = handCard(handPos, state);
        -:  250:	
        -:  251:  //check if selected card is an action
    #####:  252:  if ( card < adventurer || card > treasure_map )
        -:  253:    {
    #####:  254:      return -1;
        -:  255:    }
        -:  256:	
        -:  257:  //play card
    #####:  258:  if ( cardEffect(card, choice1, choice2, choice3, state, handPos, &coin_bonus) < 0 )
        -:  259:    {
    #####:  260:      return -1;
        -:  261:    }
        -:  262:	
        -:  263:  //reduce number of actions
    #####:  264:  state->numActions--;
        -:  265:
        -:  266:  //update coins (Treasure cards may be added with card draws)
    #####:  267:  updateCoins(state->whoseTurn, state, coin_bonus);
        -:  268:	
    #####:  269:  return 0;
        -:  270:}
        -:  271:
    #####:  272:int buyCard(int supplyPos, struct gameState *state) {
        -:  273:  int who;
        -:  274:  if (DEBUG){
        -:  275:    printf("Entering buyCard...\n");
        -:  276:  }
        -:  277:
        -:  278:  // I don't know what to do about the phase thing.
        -:  279:
    #####:  280:  who = state->whoseTurn;
        -:  281:
    #####:  282:  if (state->numBuys < 1){
        -:  283:    if (DEBUG)
        -:  284:      printf("You do not have any buys left\n");
    #####:  285:    return -1;
    #####:  286:  } else if (supplyCount(supplyPos, state) <1){
        -:  287:    if (DEBUG)
        -:  288:      printf("There are not any of that type of card left\n");
    #####:  289:    return -1;
    #####:  290:  } else if (state->coins < getCost(supplyPos)){
        -:  291:    if (DEBUG) 
        -:  292:      printf("You do not have enough money to buy that. You have %d coins.\n", state->coins);
    #####:  293:    return -1;
        -:  294:  } else {
    #####:  295:    state->phase=1;
        -:  296:    //state->supplyCount[supplyPos]--;
    #####:  297:    gainCard(supplyPos, state, 0, who); //card goes in discard, this might be wrong.. (2 means goes into hand, 0 goes into discard)
        -:  298:  
    #####:  299:    state->coins = (state->coins) - (getCost(supplyPos));
    #####:  300:    state->numBuys--;
        -:  301:    if (DEBUG)
        -:  302:      printf("You bought card number %d for %d coins. You now have %d buys and %d coins.\n", supplyPos, getCost(supplyPos), state->numBuys, state->coins);
        -:  303:  }
        -:  304:
        -:  305:  //state->discard[who][state->discardCount[who]] = supplyPos;
        -:  306:  //state->discardCount[who]++;
        -:  307:    
    #####:  308:  return 0;
        -:  309:}
        -:  310:
    #####:  311:int numHandCards(struct gameState *state) {
    #####:  312:  return state->handCount[ whoseTurn(state) ];
        -:  313:}
        -:  314:
    #####:  315:int handCard(int handPos, struct gameState *state) {
    #####:  316:  int currentPlayer = whoseTurn(state);
    #####:  317:  return state->hand[currentPlayer][handPos];
        -:  318:}
        -:  319:
       19:  320:int supplyCount(int card, struct gameState *state) {
       19:  321:  return state->supplyCount[card];
        -:  322:}
        -:  323:
    #####:  324:int fullDeckCount(int player, int card, struct gameState *state) {
        -:  325:  int i;
    #####:  326:  int count = 0;
        -:  327:
    #####:  328:  for (i = 0; i < state->deckCount[player]; i++)
        -:  329:    {
    #####:  330:      if (state->deck[player][i] == card) count++;
        -:  331:    }
        -:  332:
    #####:  333:  for (i = 0; i < state->handCount[player]; i++)
        -:  334:    {
    #####:  335:      if (state->hand[player][i] == card) count++;
        -:  336:    }
        -:  337:
    #####:  338:  for (i = 0; i < state->discardCount[player]; i++)
        -:  339:    {
    #####:  340:      if (state->discard[player][i] == card) count++;
        -:  341:    }
        -:  342:
    #####:  343:  return count;
        -:  344:}
        -:  345:
        4:  346:int whoseTurn(struct gameState *state) {
        4:  347:  return state->whoseTurn;
        -:  348:}
        -:  349:
    #####:  350:int endTurn(struct gameState *state) {
        -:  351:  int k;
        -:  352:  int i;
    #####:  353:  int currentPlayer = whoseTurn(state);
        -:  354:  
        -:  355:  //Discard hand
    #####:  356:  for (i = 0; i < state->handCount[currentPlayer]; i++){
    #####:  357:    state->discard[currentPlayer][state->discardCount[currentPlayer]++] = state->hand[currentPlayer][i];//Discard
    #####:  358:    state->hand[currentPlayer][i] = -1;//Set card to -1
        -:  359:  }
    #####:  360:  state->handCount[currentPlayer] = 0;//Reset hand count
        -:  361:    
        -:  362:  //Code for determining the player
    #####:  363:  if (currentPlayer < (state->numPlayers - 1)){ 
    #####:  364:    state->whoseTurn = currentPlayer + 1;//Still safe to increment
        -:  365:  }
        -:  366:  else{
    #####:  367:    state->whoseTurn = 0;//Max player has been reached, loop back around to player 1
        -:  368:  }
        -:  369:
    #####:  370:  state->outpostPlayed = 0;
    #####:  371:  state->phase = 0;
    #####:  372:  state->numActions = 1;
    #####:  373:  state->coins = 0;
    #####:  374:  state->numBuys = 1;
    #####:  375:  state->playedCardCount = 0;
    #####:  376:  state->handCount[state->whoseTurn] = 0;
        -:  377:
        -:  378:  //int k; move to top
        -:  379:  //Next player draws hand
    #####:  380:  for (k = 0; k < 5; k++){
    #####:  381:    drawCard(state->whoseTurn, state);//Draw a card
        -:  382:  }
        -:  383:
        -:  384:  //Update money
    #####:  385:  updateCoins(state->whoseTurn, state , 0);
        -:  386:
    #####:  387:  return 0;
        -:  388:}
        -:  389:
        9:  390:int isGameOver(struct gameState *state) {
        -:  391:  int i;
        -:  392:  int j;
        -:  393:	
        -:  394:  //if stack of Province cards is empty, the game ends
        9:  395:  if (state->supplyCount[province] == 0)
        -:  396:    {
        2:  397:      return 1;
        -:  398:    }
        -:  399:
        -:  400:  //if three supply pile are at 0, the game ends
        7:  401:  j = 0;
      182:  402:  for (i = 0; i < 25; i++)
        -:  403:    {
      175:  404:      if (state->supplyCount[i] == 0)
        -:  405:	{
       16:  406:	  j++;
        -:  407:	}
        -:  408:    }
        7:  409:  if ( j >= 3)
        -:  410:    {
        4:  411:      return 1;
        -:  412:    }
        -:  413:
        3:  414:  return 0;
        -:  415:}
        -:  416:
    #####:  417:int scoreFor (int player, struct gameState *state) {
        -:  418:
        -:  419:  int i;
    #####:  420:  int score = 0;
        -:  421:  //score from hand
    #####:  422:  for (i = 0; i < state->handCount[player]; i++)
        -:  423:    {
    #####:  424:      if (state->hand[player][i] == curse) { score = score - 1; };
    #####:  425:      if (state->hand[player][i] == estate) { score = score + 1; };
    #####:  426:      if (state->hand[player][i] == duchy) { score = score + 3; };
    #####:  427:      if (state->hand[player][i] == province) { score = score + 6; };
    #####:  428:      if (state->hand[player][i] == great_hall) { score = score + 1; };
    #####:  429:      if (state->hand[player][i] == gardens) { score = score + ( fullDeckCount(player, 0, state) / 10 ); };
        -:  430:    }
        -:  431:
        -:  432:  //score from discard
    #####:  433:  for (i = 0; i < state->discardCount[player]; i++)
        -:  434:    {
    #####:  435:      if (state->discard[player][i] == curse) { score = score - 1; };
    #####:  436:      if (state->discard[player][i] == estate) { score = score + 1; };
    #####:  437:      if (state->discard[player][i] == duchy) { score = score + 3; };
    #####:  438:      if (state->discard[player][i] == province) { score = score + 6; };
    #####:  439:      if (state->discard[player][i] == great_hall) { score = score + 1; };
    #####:  440:      if (state->discard[player][i] == gardens) { score = score + ( fullDeckCount(player, 0, state) / 10 ); };
        -:  441:    }
        -:  442:
        -:  443:  //score from deck
    #####:  444:  for (i = 0; i < state->discardCount[player]; i++)
        -:  445:    {
    #####:  446:      if (state->deck[player][i] == curse) { score = score - 1; };
    #####:  447:      if (state->deck[player][i] == estate) { score = score + 1; };
    #####:  448:      if (state->deck[player][i] == duchy) { score = score + 3; };
    #####:  449:      if (state->deck[player][i] == province) { score = score + 6; };
    #####:  450:      if (state->deck[player][i] == great_hall) { score = score + 1; };
    #####:  451:      if (state->deck[player][i] == gardens) { score = score + ( fullDeckCount(player, 0, state) / 10 ); };
        -:  452:    }
        -:  453:
    #####:  454:  return score;
        -:  455:}
        -:  456:
    #####:  457:int getWinners(int players[MAX_PLAYERS], struct gameState *state) {
        -:  458:  int i;	
        -:  459:  int j;
        -:  460:  int highScore;
        -:  461:  int currentPlayer;
        -:  462:
        -:  463:  //get score for each player
    #####:  464:  for (i = 0; i < MAX_PLAYERS; i++)
        -:  465:    {
        -:  466:      //set unused player scores to -9999
    #####:  467:      if (i >= state->numPlayers)
        -:  468:	{
    #####:  469:	  players[i] = -9999;
        -:  470:	}
        -:  471:      else
        -:  472:	{
    #####:  473:	  players[i] = scoreFor (i, state);
        -:  474:	}
        -:  475:    }
        -:  476:
        -:  477:  //find highest score
    #####:  478:  j = 0;
    #####:  479:  for (i = 0; i < MAX_PLAYERS; i++)
        -:  480:    {
    #####:  481:      if (players[i] > players[j])
        -:  482:	{
    #####:  483:	  j = i;
        -:  484:	}
        -:  485:    }
    #####:  486:  highScore = players[j];
        -:  487:
        -:  488:  //add 1 to players who had less turns
    #####:  489:  currentPlayer = whoseTurn(state);
    #####:  490:  for (i = 0; i < MAX_PLAYERS; i++)
        -:  491:    {
    #####:  492:      if ( players[i] == highScore && i > currentPlayer )
        -:  493:	{
    #####:  494:	  players[i]++;
        -:  495:	}
        -:  496:    }
        -:  497:
        -:  498:  //find new highest score
    #####:  499:  j = 0;
    #####:  500:  for (i = 0; i < MAX_PLAYERS; i++)
        -:  501:    {
    #####:  502:      if ( players[i] > players[j] )
        -:  503:	{
    #####:  504:	  j = i;
        -:  505:	}
        -:  506:    }
    #####:  507:  highScore = players[j];
        -:  508:
        -:  509:  //set winners in array to 1 and rest to 0
    #####:  510:  for (i = 0; i < MAX_PLAYERS; i++)
        -:  511:    {
    #####:  512:      if ( players[i] == highScore )
        -:  513:	{
    #####:  514:	  players[i] = 1;
        -:  515:	}
        -:  516:      else
        -:  517:	{
    #####:  518:	  players[i] = 0;
        -:  519:	}
        -:  520:    }
        -:  521:
    #####:  522:  return 0;
        -:  523:}
        -:  524:
       50:  525:int drawCard(int player, struct gameState *state)
        -:  526:{	int count;
        -:  527:  int deckCounter;
       50:  528:  if (state->deckCount[player] <= 0){//Deck is empty
        -:  529:    
        -:  530:    //Step 1 Shuffle the discard pile back into a deck
        -:  531:    int i;
        -:  532:    //Move discard to deck
    #####:  533:    for (i = 0; i < state->discardCount[player];i++){
    #####:  534:      state->deck[player][i] = state->discard[player][i];
    #####:  535:      state->discard[player][i] = -1;
        -:  536:    }
        -:  537:
    #####:  538:    state->deckCount[player] = state->discardCount[player];
    #####:  539:    state->discardCount[player] = 0;//Reset discard
        -:  540:
        -:  541:    //Shufffle the deck
    #####:  542:    shuffle(player, state);//Shuffle the deck up and make it so that we can draw
        -:  543:   
        -:  544:    if (DEBUG){//Debug statements
        -:  545:      printf("Deck count now: %d\n", state->deckCount[player]);
        -:  546:    }
        -:  547:    
    #####:  548:    state->discardCount[player] = 0;
        -:  549:
        -:  550:    //Step 2 Draw Card
    #####:  551:    count = state->handCount[player];//Get current player's hand count
        -:  552:    
        -:  553:    if (DEBUG){//Debug statements
        -:  554:      printf("Current hand count: %d\n", count);
        -:  555:    }
        -:  556:    
    #####:  557:    deckCounter = state->deckCount[player];//Create a holder for the deck count
        -:  558:
    #####:  559:    if (deckCounter == 0)
    #####:  560:      return -1;
        -:  561:
    #####:  562:    state->hand[player][count] = state->deck[player][deckCounter - 1];//Add card to hand
    #####:  563:    state->deckCount[player]--;
    #####:  564:    state->handCount[player]++;//Increment hand count
        -:  565:  }
        -:  566:
        -:  567:  else{
       50:  568:    int count = state->handCount[player];//Get current hand count for player
        -:  569:    int deckCounter;
        -:  570:    if (DEBUG){//Debug statements
        -:  571:      printf("Current hand count: %d\n", count);
        -:  572:    }
        -:  573:
       50:  574:    deckCounter = state->deckCount[player];//Create holder for the deck count
       50:  575:    state->hand[player][count] = state->deck[player][deckCounter - 1];//Add card to the hand
       50:  576:    state->deckCount[player]--;
       50:  577:    state->handCount[player]++;//Increment hand count
        -:  578:  }
        -:  579:
       50:  580:  return 0;
        -:  581:}
        -:  582:
       56:  583:int getCost(int cardNumber)
        -:  584:{
       56:  585:  switch( cardNumber ) 
        -:  586:    {
        -:  587:    case curse:
        2:  588:      return 0;
        -:  589:    case estate:
        2:  590:      return 2;
        -:  591:    case duchy:
        2:  592:      return 5;
        -:  593:    case province:
        2:  594:      return 8;
        -:  595:    case copper:
        2:  596:      return 0;
        -:  597:    case silver:
        2:  598:      return 3;
        -:  599:    case gold:
        2:  600:      return 6;
        -:  601:    case adventurer:
        2:  602:      return 6;
        -:  603:    case council_room:
        2:  604:      return 5;
        -:  605:    case feast:
        4:  606:      return 4;
        -:  607:    case gardens:
        2:  608:      return 4;
        -:  609:    case mine:
        2:  610:      return 5;
        -:  611:    case remodel:
        2:  612:      return 4;
        -:  613:    case smithy:
        2:  614:      return 4;
        -:  615:    case village:
        2:  616:      return 3;
        -:  617:    case baron:
        2:  618:      return 4;
        -:  619:    case great_hall:
        2:  620:      return 3;
        -:  621:    case minion:
        2:  622:      return 5;
        -:  623:    case steward:
        2:  624:      return 3;
        -:  625:    case tribute:
        2:  626:      return 5;
        -:  627:    case ambassador:
        2:  628:      return 3;
        -:  629:    case cutpurse:
        2:  630:      return 4;
        -:  631:    case embargo: 
        2:  632:      return 2;
        -:  633:    case outpost:
        2:  634:      return 5;
        -:  635:    case salvager:
        2:  636:      return 4;
        -:  637:    case sea_hag:
        2:  638:      return 4;
        -:  639:    case treasure_map:
        2:  640:      return 4;
        -:  641:    }
        -:  642:	
    #####:  643:  return -1;
        -:  644:}
        -:  645:
        -:  646:// refactored/bugs added card
        1:  647:void adventurer_card (int currentPlayer, int temphand[], struct gameState *state, int z){
        -:  648:
        -:  649:int cardDrawn;
        1:  650:int drawntreasure = 0;
        -:  651:
        -:  652: // changed the drawn treasure cards to 1 instead of 2
        3:  653:while (drawntreasure<1) {
        1:  654:	if (state->deckCount[currentPlayer] <1) {//if the deck is empty we need to shuffle discard and add to deck
    #####:  655:		shuffle(currentPlayer, state);
        -:  656: 	}
        1:  657:	drawCard(currentPlayer, state);
        1:  658:	cardDrawn = state->hand[currentPlayer][state->handCount[currentPlayer] - 1];//top card of hand is most recently drawn card.
        1:  659:	if (cardDrawn == copper || cardDrawn == silver || cardDrawn == gold)
        1:  660:	drawntreasure++;
        -:  661:	else {
    #####:  662:		temphand[z] = cardDrawn;
    #####:  663:		state->handCount[currentPlayer]--; //this should just remove the top card (the most recently drawn one).
    #####:  664:		z++;
        -:  665:		}
        -:  666:	}	
        2:  667:																					while (z - 1 >= 0) {
    #####:  668:		state->discard[currentPlayer][state->discardCount[currentPlayer]++] = temphand[z - 1]; // discard all cards in play that have been drawn
    #####:  669:		z  = z - 1;
        -:  670:	}
        1:  671:}
        -:  672:
    #####:  673:void feast_card(struct gameState *state, int currentPlayer, int temphand[], int choice1){
        -:  674://gain card with cost up to 5
        -:  675://Backup hand
        -:  676:int i;
        -:  677:int x;	    
        -:  678:
    #####:  679:  for (i = 0; i <= state->handCount[currentPlayer]; i++){
    #####:  680:          temphand[i] = state->hand[currentPlayer][i];//Backup card
    #####:  681:          state->hand[currentPlayer][i] = -1;//Set to nothing
        -:  682:     }
        -:  683:    //Backup hand
        -:  684:    
        -:  685:   //Update Coins for Buy
    #####:  686:    updateCoins(currentPlayer, state, 5);
    #####:  687:    x = 1;//Condition to loop on
    #####:  688:    while( x == 1) {//Buy one card
    #####:  689: 	   if (supplyCount(choice1, state) <= 0){
        -:  690:         	  if (DEBUG)
        -:  691:	                  printf("None of that card left, sorry!\n");
        -:  692:
        -:  693:                  if (DEBUG){
        -:  694:                         printf("Cards Left: %d\n", supplyCount(choice1, state));
        -:  695:                  }
        -:  696:          }
    #####:  697:	 else if (state->coins < getCost(choice1)){
    #####:  698:              printf("That card is too expensive!\n");
        -:  699:
        -:  700:                  if (DEBUG){
        -:  701:                        printf("Coins: %d < %d\n", state->coins, getCost(choice1));
        -:  702:	          }
        -:  703:	                                                                                                                                                             }
        -:  704:       else{
        -:  705:                  if (DEBUG){
        -:  706:                       printf("Deck Count: %d\n", state->handCount[currentPlayer] + state->deckCount[currentPlayer] + state->discardCount[currentPlayer]);
        -:  707:                   }
    #####:  708:                 gainCard(choice1, state, 0, currentPlayer);//Gain the card
    #####:  709:                 x = 0;//No more buying cards
        -:  710:                 if (DEBUG){
        -:  711:                      printf("Deck Count: %d\n", state->handCount[currentPlayer] + state->deckCount[currentPlayer] + state->discardCount[currentPlayer]);
        -:  712:             }
        -:  713:        }
        -:  714:   }
        -:  715://Reset Hand
    #####:  716:     for (i = 0; i <= state->handCount[currentPlayer]; i++){
    #####:  717:     state->hand[currentPlayer][i] = temphand[i];
    #####:  718:     temphand[i] = -1;
        -:  719:     }
    #####:  720:}                                                                                                                                                                                                                                                                                                
        -:  721:// refactored/bugs added cards
        1:  722:void smithy_card(int currentPlayer, struct gameState *state, int handPos){
        -:  723:int i;
        -:  724://  changed +3 Cards to +2 Cards
        3:  725:	for (i = 0; i < 2; i++)
        -:  726:	{
        2:  727:		drawCard(currentPlayer, state);
        -:  728:	}
        -:  729:
        -:  730:	//discard card from hand
        1:  731:	discardCard(handPos, currentPlayer, state, 0);
        1:  732:}
        -:  733:
        -:  734:// refactored/bugs added cards
        1:  735:void village_card (int currentPlayer,struct gameState *state, int handPos){
        -:  736:   //+1 Card
        1:  737:	drawCard(currentPlayer, state);
        -:  738:
        -:  739:	// changed the +2 Actions to +3 Actions
        1:  740:	state->numActions = state->numActions + 3;
        -:  741:
        -:  742:	//discard played card from hand
        1:  743:	discardCard(handPos, currentPlayer, state, 0);
        1:  744:}
        -:  745: 
        -:  746:// refactored/bugs added cards
    #####:  747:void minion_card(struct gameState *state, int handPos, int currentPlayer, int choice1, int choice2){
        -:  748: 
        -:  749: //+1 action 
    #####:  750:	 state->numActions++;	
        -:  751:	//discard card from hand
    #####:  752:	discardCard(handPos, currentPlayer, state, 0);		
        -:  753:	
    #####:  754:	if (choice1)		// changed +2 coins to +3 coins
        -:  755:	{
    #####:  756:			state->coins = state->coins + 3;
        -:  757:	}
        -:  758:
    #####:  759:	else if (choice2)		//discard hand, redraw 4, other players with 5+ cards discard hand and draw 4
        -:  760:	{
        -:  761:		//discard hand
    #####:  762:		while (numHandCards(state) > 0)
        -:  763:		{
    #####:  764:			discardCard(handPos, currentPlayer, state, 0);
        -:  765:		}
        -:  766:
        -:  767:		//draw 4
        -:  768:		int i;		
    #####:  769:		for (i = 0; i < 4; i++)
        -:  770:		{
    #####:  771:			drawCard(currentPlayer, state);
        -:  772:		}
        -:  773:
        -:  774:		//other players discard hand and redraw if hand size > 4
    #####:  775:		for (i = 0; i < state->numPlayers; i++)
        -:  776:			{
    #####:  777:				if (i != currentPlayer)
        -:  778:				{
    #####:  779:					if (state->handCount[i] > 4)
        -:  780:					{
        -:  781:
        -:  782:						//discard hand
    #####:  783:						while (state->handCount[i] > 0)
        -:  784:						{
    #####:  785:							discardCard(handPos, i, state, 0);
        -:  786:						}	
        -:  787:
        -:  788:						//draw 4
        -:  789:						int j;
    #####:  790:						for (j = 0; j < 4; j++)
        -:  791:						{
    #####:  792:							drawCard(i, state);
        -:  793:						}
        -:  794:					}
        -:  795:				}
        -:  796:			}
        -:  797:
        -:  798:		}
    #####:  799:}		
        4:  800:int cardEffect(int card, int choice1, int choice2, int choice3, struct gameState *state, int handPos, int *bonus)
        -:  801:{
        -:  802:  int i;
        -:  803:  int j;
        -:  804:  int k;
        -:  805: // int x;
        -:  806:  int index;
        4:  807:  int currentPlayer = whoseTurn(state);
        4:  808:  int nextPlayer = currentPlayer + 1;
        -:  809:
        4:  810:  int tributeRevealedCards[2] = {-1, -1};
        -:  811:  int temphand[MAX_HAND];// moved above the if statement
        -:  812: // int drawntreasure=0;
        -:  813://  int cardDrawn;
        4:  814:  int z = 0;// this is the counter for the temp hand
        4:  815:  if (nextPlayer > (state->numPlayers - 1)){
    #####:  816:    nextPlayer = 0;
        -:  817:  }
        -:  818:  
        -:  819:	
        -:  820:  //uses switch to select card and perform actions
        4:  821:  switch( card ) 
        -:  822:    {
        -:  823:    case adventurer:
        1:  824:	adventurer_card(currentPlayer, temphand, state, z);
        1:  825:      return 0;
        -:  826:			
        -:  827:    case council_room:
        -:  828:      //+4 Cards
    #####:  829:      for (i = 0; i < 4; i++)
        -:  830:	{
    #####:  831:	  drawCard(currentPlayer, state);
        -:  832:	}
        -:  833:			
        -:  834:      //+1 Buy
    #####:  835:      state->numBuys++;
        -:  836:			
        -:  837:      //Each other player draws a card
    #####:  838:      for (i = 0; i < state->numPlayers; i++)
        -:  839:	{
    #####:  840:	  if ( i != currentPlayer )
        -:  841:	    {
    #####:  842:	      drawCard(i, state);
        -:  843:	    }
        -:  844:	}
        -:  845:			
        -:  846:      //put played card in played card pile
    #####:  847:      discardCard(handPos, currentPlayer, state, 0);
        -:  848:			
    #####:  849:      return 0;
        -:  850:			
        -:  851:    case feast:
    #####:  852:      feast_card(state, currentPlayer, temphand, choice1);      			
    #####:  853:      return 0;
        -:  854:			
        -:  855:    case gardens:
    #####:  856:      return -1;
        -:  857:			
        -:  858:    case mine:
    #####:  859:      j = state->hand[currentPlayer][choice1];  //store card we will trash
        -:  860:
    #####:  861:      if (state->hand[currentPlayer][choice1] < copper || state->hand[currentPlayer][choice1] > gold)
        -:  862:	{
    #####:  863:	  return -1;
        -:  864:	}
        -:  865:		
    #####:  866:      if (choice2 > treasure_map || choice2 < curse)
        -:  867:	{
    #####:  868:	  return -1;
        -:  869:	}
        -:  870:
    #####:  871:      if ( (getCost(state->hand[currentPlayer][choice1]) + 3) > getCost(choice2) )
        -:  872:	{
    #####:  873:	  return -1;
        -:  874:	}
        -:  875:
    #####:  876:      gainCard(choice2, state, 2, currentPlayer);
        -:  877:
        -:  878:      //discard card from hand
    #####:  879:      discardCard(handPos, currentPlayer, state, 0);
        -:  880:
        -:  881:      //discard trashed card
    #####:  882:      for (i = 0; i < state->handCount[currentPlayer]; i++)
        -:  883:	{
    #####:  884:	  if (state->hand[currentPlayer][i] == j)
        -:  885:	    {
    #####:  886:	      discardCard(i, currentPlayer, state, 0);			
    #####:  887:	      break;
        -:  888:	    }
        -:  889:	}
        -:  890:			
    #####:  891:      return 0;
        -:  892:			
        -:  893:    case remodel:
        -:  894:	
    #####:  895:	 j = state->hand[currentPlayer][choice1];  //store card we will trash
        -:  896:
    #####:  897:	if ( (getCost(state->hand[currentPlayer][choice1]) + 2) > getCost(choice2) )
        -:  898:        {
    #####:  899:          return -1;
        -:  900:        }
        -:  901:
    #####:  902:      gainCard(choice2, state, 0, currentPlayer);
        -:  903:
        -:  904:      //discard card from hand
    #####:  905:       discardCard(handPos, currentPlayer, state, 0);
        -:  906:      
        -:  907:	//discard trashed card
    #####:  908:       for (i = 0; i < state->handCount[currentPlayer]; i++)
        -:  909:          {
    #####:  910:            if (state->hand[currentPlayer][i] == j)
        -:  911:            {
    #####:  912:        	      discardCard(i, currentPlayer, state, 0);
    #####:  913:                      break;
        -:  914:            }
        -:  915:         }
        -:  916:         
    #####:  917:	return 0;
        -:  918:
        -:  919:    case smithy:
        1:  920: 	smithy_card (currentPlayer, state, handPos);
        1:  921:      return 0;
        -:  922:		
        -:  923:    case village:
        1:  924:      village_card (currentPlayer, state, handPos);
        1:  925:      return 0;
        -:  926:		
        -:  927:    case baron:
    #####:  928:      state->numBuys++;//Increase buys by 1!
    #####:  929:      if (choice1 > 0){//Boolean true or going to discard an estate
    #####:  930:	int p = 0;//Iterator for hand!
    #####:  931:	int card_not_discarded = 1;//Flag for discard set!
    #####:  932:	while(card_not_discarded){
    #####:  933:	  if (state->hand[currentPlayer][p] == estate){//Found an estate card!
    #####:  934:	    state->coins += 4;//Add 4 coins to the amount of coins
    #####:  935:	    state->discard[currentPlayer][state->discardCount[currentPlayer]] = state->hand[currentPlayer][p];
    #####:  936:	    state->discardCount[currentPlayer]++;
    #####:  937:	    for (;p < state->handCount[currentPlayer]; p++){
    #####:  938:	      state->hand[currentPlayer][p] = state->hand[currentPlayer][p+1];
        -:  939:	    }
    #####:  940:	    state->hand[currentPlayer][state->handCount[currentPlayer]] = -1;
    #####:  941:	    state->handCount[currentPlayer]--;
    #####:  942:	    card_not_discarded = 0;//Exit the loop
        -:  943:	  }
    #####:  944:	  else if (p > state->handCount[currentPlayer]){
        -:  945:	    if(DEBUG) {
        -:  946:	      printf("No estate cards in your hand, invalid choice\n");
        -:  947:	      printf("Must gain an estate if there are any\n");
        -:  948:	    }
    #####:  949:	    if (supplyCount(estate, state) > 0){
    #####:  950:	      gainCard(estate, state, 0, currentPlayer);
    #####:  951:	      state->supplyCount[estate]--;//Decrement estates
    #####:  952:	      if (supplyCount(estate, state) == 0){
    #####:  953:		isGameOver(state);
        -:  954:	      }
        -:  955:	    }
    #####:  956:	    card_not_discarded = 0;//Exit the loop
        -:  957:	  }
        -:  958:			    
        -:  959:	  else{
    #####:  960:	    p++;//Next card
        -:  961:	  }
        -:  962:	}
        -:  963:      }
        -:  964:			    
        -:  965:      else{
    #####:  966:	if (supplyCount(estate, state) > 0){
    #####:  967:	  gainCard(estate, state, 0, currentPlayer);//Gain an estate
    #####:  968:	  state->supplyCount[estate]--;//Decrement Estates
    #####:  969:	  if (supplyCount(estate, state) == 0){
    #####:  970:	    isGameOver(state);
        -:  971:	  }
        -:  972:	}
        -:  973:      }
        -:  974:	    
        -:  975:      
    #####:  976:      return 0;
        -:  977:		
        -:  978:    case great_hall:
        -:  979:      //+1 Card
        1:  980:      drawCard(currentPlayer, state);
        -:  981:			
        -:  982:      //+1 Actions
        1:  983:      state->numActions++;
        -:  984:			
        -:  985:      //discard card from hand
        1:  986:      discardCard(handPos, currentPlayer, state, 0);
        1:  987:      return 0;
        -:  988:		
        -:  989:    case minion:
    #####:  990:      minion_card(state, handPos, currentPlayer, choice1, choice2);
    #####:  991:      return 0;
        -:  992:		
        -:  993:    case steward:
    #####:  994:      if (choice1 == 1)
        -:  995:	{
        -:  996:	  //+2 cards
    #####:  997:	  drawCard(currentPlayer, state);
    #####:  998:	  drawCard(currentPlayer, state);
        -:  999:	}
    #####: 1000:      else if (choice1 == 2)
        -: 1001:	{
        -: 1002:	  //+2 coins
    #####: 1003:	  state->coins = state->coins + 2;
        -: 1004:	}
        -: 1005:      else
        -: 1006:	{
        -: 1007:	  //trash 2 cards in hand
    #####: 1008:	  discardCard(choice2, currentPlayer, state, 1);
    #####: 1009:	  discardCard(choice3, currentPlayer, state, 1);
        -: 1010:	}
        -: 1011:			
        -: 1012:      //discard card from hand
    #####: 1013:      discardCard(handPos, currentPlayer, state, 0);
    #####: 1014:      return 0;
        -: 1015:		
        -: 1016:    case tribute:
    #####: 1017:      if ((state->discardCount[nextPlayer] + state->deckCount[nextPlayer]) <= 1){
    #####: 1018:	if (state->deckCount[nextPlayer] > 0){
    #####: 1019:	  tributeRevealedCards[0] = state->deck[nextPlayer][state->deckCount[nextPlayer]-1];
    #####: 1020:	  state->deckCount[nextPlayer]--;
        -: 1021:	}
    #####: 1022:	else if (state->discardCount[nextPlayer] > 0){
    #####: 1023:	  tributeRevealedCards[0] = state->discard[nextPlayer][state->discardCount[nextPlayer]-1];
    #####: 1024:	  state->discardCount[nextPlayer]--;
        -: 1025:	}
        -: 1026:	else{
        -: 1027:	  //No Card to Reveal
        -: 1028:	  if (DEBUG){
        -: 1029:	    printf("No cards to reveal\n");
        -: 1030:	  }
        -: 1031:	}
        -: 1032:      }
        -: 1033:	    
        -: 1034:      else{
    #####: 1035:	if (state->deckCount[nextPlayer] == 0){
    #####: 1036:	  for (i = 0; i < state->discardCount[nextPlayer]; i++){
    #####: 1037:	    state->deck[nextPlayer][i] = state->discard[nextPlayer][i];//Move to deck
    #####: 1038:	    state->deckCount[nextPlayer]++;
    #####: 1039:	    state->discard[nextPlayer][i] = -1;
    #####: 1040:	    state->discardCount[nextPlayer]--;
        -: 1041:	  }
        -: 1042:			    
    #####: 1043:	  shuffle(nextPlayer,state);//Shuffle the deck
        -: 1044:	} 
    #####: 1045:	tributeRevealedCards[0] = state->deck[nextPlayer][state->deckCount[nextPlayer]-1];
    #####: 1046:	state->deck[nextPlayer][state->deckCount[nextPlayer]--] = -1;
    #####: 1047:	state->deckCount[nextPlayer]--;
    #####: 1048:	tributeRevealedCards[1] = state->deck[nextPlayer][state->deckCount[nextPlayer]-1];
    #####: 1049:	state->deck[nextPlayer][state->deckCount[nextPlayer]--] = -1;
    #####: 1050:	state->deckCount[nextPlayer]--;
        -: 1051:      }    
        -: 1052:		       
    #####: 1053:      if (tributeRevealedCards[0] == tributeRevealedCards[1]){//If we have a duplicate card, just drop one 
    #####: 1054:	state->playedCards[state->playedCardCount] = tributeRevealedCards[1];
    #####: 1055:	state->playedCardCount++;
    #####: 1056:	tributeRevealedCards[1] = -1;
        -: 1057:      }
        -: 1058:
    #####: 1059:      for (i = 0; i <= 2; i ++){
    #####: 1060:	if (tributeRevealedCards[i] == copper || tributeRevealedCards[i] == silver || tributeRevealedCards[i] == gold){//Treasure cards
    #####: 1061:	  state->coins += 2;
        -: 1062:	}
        -: 1063:		    
    #####: 1064:	else if (tributeRevealedCards[i] == estate || tributeRevealedCards[i] == duchy || tributeRevealedCards[i] == province || tributeRevealedCards[i] == gardens || tributeRevealedCards[i] == great_hall){//Victory Card Found
    #####: 1065:	  drawCard(currentPlayer, state);
    #####: 1066:	  drawCard(currentPlayer, state);
        -: 1067:	}
        -: 1068:	else{//Action Card
    #####: 1069:	  state->numActions = state->numActions + 2;
        -: 1070:	}
        -: 1071:      }
        -: 1072:	    
    #####: 1073:      return 0;
        -: 1074:		
        -: 1075:    case ambassador:
    #####: 1076:      j = 0;		//used to check if player has enough cards to discard
        -: 1077:
    #####: 1078:      if (choice2 > 2 || choice2 < 0)
        -: 1079:	{
    #####: 1080:	  return -1;				
        -: 1081:	}
        -: 1082:
    #####: 1083:      if (choice1 == handPos)
        -: 1084:	{
    #####: 1085:	  return -1;
        -: 1086:	}
        -: 1087:
    #####: 1088:      for (i = 0; i < state->handCount[currentPlayer]; i++)
        -: 1089:	{
    #####: 1090:	  if (i != handPos && i == state->hand[currentPlayer][choice1] && i != choice1)
        -: 1091:	    {
    #####: 1092:	      j++;
        -: 1093:	    }
        -: 1094:	}
    #####: 1095:      if (j < choice2)
        -: 1096:	{
    #####: 1097:	  return -1;				
        -: 1098:	}
        -: 1099:
        -: 1100:      if (DEBUG) 
        -: 1101:	printf("Player %d reveals card number: %d\n", currentPlayer, state->hand[currentPlayer][choice1]);
        -: 1102:
        -: 1103:      //increase supply count for choosen card by amount being discarded
    #####: 1104:      state->supplyCount[state->hand[currentPlayer][choice1]] += choice2;
        -: 1105:			
        -: 1106:      //each other player gains a copy of revealed card
    #####: 1107:      for (i = 0; i < state->numPlayers; i++)
        -: 1108:	{
    #####: 1109:	  if (i != currentPlayer)
        -: 1110:	    {
    #####: 1111:	      gainCard(state->hand[currentPlayer][choice1], state, 0, i);
        -: 1112:	    }
        -: 1113:	}
        -: 1114:
        -: 1115:      //discard played card from hand
    #####: 1116:      discardCard(handPos, currentPlayer, state, 0);			
        -: 1117:
        -: 1118:      //trash copies of cards returned to supply
    #####: 1119:      for (j = 0; j < choice2; j++)
        -: 1120:	{
    #####: 1121:	  for (i = 0; i < state->handCount[currentPlayer]; i++)
        -: 1122:	    {
    #####: 1123:	      if (state->hand[currentPlayer][i] == state->hand[currentPlayer][choice1])
        -: 1124:		{
    #####: 1125:		  discardCard(i, currentPlayer, state, 1);
    #####: 1126:		  break;
        -: 1127:		}
        -: 1128:	    }
        -: 1129:	}			
        -: 1130:
    #####: 1131:      return 0;
        -: 1132:		
        -: 1133:    case cutpurse:
        -: 1134:
    #####: 1135:      updateCoins(currentPlayer, state, 2);
    #####: 1136:      for (i = 0; i < state->numPlayers; i++)
        -: 1137:	{
    #####: 1138:	  if (i != currentPlayer)
        -: 1139:	    {
    #####: 1140:	      for (j = 0; j < state->handCount[i]; j++)
        -: 1141:		{
    #####: 1142:		  if (state->hand[i][j] == copper)
        -: 1143:		    {
    #####: 1144:		      discardCard(j, i, state, 0);
    #####: 1145:		      break;
        -: 1146:		    }
    #####: 1147:		  if (j == state->handCount[i])
        -: 1148:		    {
    #####: 1149:		      for (k = 0; k < state->handCount[i]; k++)
        -: 1150:			{
        -: 1151:			  if (DEBUG)
        -: 1152:			    printf("Player %d reveals card number %d\n", i, state->hand[i][k]);
        -: 1153:			}	
    #####: 1154:		      break;
        -: 1155:		    }		
        -: 1156:		}
        -: 1157:					
        -: 1158:	    }
        -: 1159:				
        -: 1160:	}				
        -: 1161:
        -: 1162:      //discard played card from hand
    #####: 1163:      discardCard(handPos, currentPlayer, state, 0);			
        -: 1164:
    #####: 1165:      return 0;
        -: 1166:
        -: 1167:		
        -: 1168:    case embargo: 
        -: 1169:      //+2 Coins
    #####: 1170:      state->coins = state->coins + 2;
        -: 1171:			
        -: 1172:      //see if selected pile is in play
    #####: 1173:      if ( state->supplyCount[choice1] == -1 )
        -: 1174:	{
    #####: 1175:	  return -1;
        -: 1176:	}
        -: 1177:			
        -: 1178:      //add embargo token to selected supply pile
    #####: 1179:      state->embargoTokens[choice1]++;
        -: 1180:			
        -: 1181:      //trash card
    #####: 1182:      discardCard(handPos, currentPlayer, state, 1);		
    #####: 1183:      return 0;
        -: 1184:		
        -: 1185:    case outpost:
        -: 1186:      //set outpost flag
    #####: 1187:      state->outpostPlayed++;
        -: 1188:			
        -: 1189:      //discard card
    #####: 1190:      discardCard(handPos, currentPlayer, state, 0);
    #####: 1191:      return 0;
        -: 1192:		
        -: 1193:    case salvager:
        -: 1194:      //+1 buy
    #####: 1195:      state->numBuys++;
        -: 1196:			
    #####: 1197:      if (choice1)
        -: 1198:	{
        -: 1199:	  //gain coins equal to trashed card
    #####: 1200:	  state->coins = state->coins + getCost( handCard(choice1, state) );
        -: 1201:	  //trash card
    #####: 1202:	  discardCard(choice1, currentPlayer, state, 1);	
        -: 1203:	}
        -: 1204:			
        -: 1205:      //discard card
    #####: 1206:      discardCard(handPos, currentPlayer, state, 0);
    #####: 1207:      return 0;
        -: 1208:		
        -: 1209:    case sea_hag:
    #####: 1210:      for (i = 0; i < state->numPlayers; i++){
    #####: 1211:	if (i != currentPlayer){
    #####: 1212:	  state->discard[i][state->discardCount[i]] = state->deck[i][state->deckCount[i]--];			    state->deckCount[i]--;
    #####: 1213:	  state->discardCount[i]++;
    #####: 1214:	  state->deck[i][state->deckCount[i]--] = curse;//Top card now a curse
        -: 1215:	}
        -: 1216:      }
    #####: 1217:      return 0;
        -: 1218:		
        -: 1219:    case treasure_map:
        -: 1220:      //search hand for another treasure_map
    #####: 1221:      index = -1;
    #####: 1222:      for (i = 0; i < state->handCount[currentPlayer]; i++)
        -: 1223:	{
    #####: 1224:	  if (state->hand[currentPlayer][i] == treasure_map && i != handPos)
        -: 1225:	    {
    #####: 1226:	      index = i;
    #####: 1227:	      break;
        -: 1228:	    }
        -: 1229:	}
    #####: 1230:      if (index > -1)
        -: 1231:	{
        -: 1232:	  //trash both treasure cards
    #####: 1233:	  discardCard(handPos, currentPlayer, state, 1);
    #####: 1234:	  discardCard(index, currentPlayer, state, 1);
        -: 1235:
        -: 1236:	  //gain 4 Gold cards
    #####: 1237:	  for (i = 0; i < 4; i++)
        -: 1238:	    {
    #####: 1239:	      gainCard(gold, state, 1, currentPlayer);
        -: 1240:	    }
        -: 1241:				
        -: 1242:	  //return success
    #####: 1243:	  return 1;
        -: 1244:	}
        -: 1245:			
        -: 1246:      //no second treasure_map found in hand
    #####: 1247:      return -1;
        -: 1248:    }
        -: 1249:	
    #####: 1250:  return -1;
        -: 1251:}
        -: 1252:
        3: 1253:int discardCard(int handPos, int currentPlayer, struct gameState *state, int trashFlag)
        -: 1254:{
        -: 1255:	
        -: 1256:  //if card is not trashed, added to Played pile 
        3: 1257:  if (trashFlag < 1)
        -: 1258:    {
        -: 1259:      //add card to played pile
        3: 1260:      state->playedCards[state->playedCardCount] = state->hand[currentPlayer][handPos]; 
        3: 1261:      state->playedCardCount++;
        -: 1262:    }
        -: 1263:	
        -: 1264:  //set played card to -1
        3: 1265:  state->hand[currentPlayer][handPos] = -1;
        -: 1266:	
        -: 1267:  //remove card from player's hand
        3: 1268:  if ( handPos == (state->handCount[currentPlayer] - 1) ) 	//last card in hand array is played
        -: 1269:    {
        -: 1270:      //reduce number of cards in hand
    #####: 1271:      state->handCount[currentPlayer]--;
        -: 1272:    }
        3: 1273:  else if ( state->handCount[currentPlayer] == 1 ) //only one card in hand
        -: 1274:    {
        -: 1275:      //reduce number of cards in hand
    #####: 1276:      state->handCount[currentPlayer]--;
        -: 1277:    }
        -: 1278:  else 	
        -: 1279:    {
        -: 1280:      //replace discarded card with last card in hand
        3: 1281:      state->hand[currentPlayer][handPos] = state->hand[currentPlayer][ (state->handCount[currentPlayer] - 1)];
        -: 1282:      //set last card to -1
        3: 1283:      state->hand[currentPlayer][state->handCount[currentPlayer] - 1] = -1;
        -: 1284:      //reduce number of cards in hand
        3: 1285:      state->handCount[currentPlayer]--;
        -: 1286:    }
        -: 1287:	
        3: 1288:  return 0;
        -: 1289:}
        -: 1290:
       19: 1291:int gainCard(int supplyPos, struct gameState *state, int toFlag, int player)
        -: 1292:{
        -: 1293:  //Note: supplyPos is enum of choosen card
        -: 1294:	
        -: 1295:  //check if supply pile is empty (0) or card is not used in game (-1)
       19: 1296:  if ( supplyCount(supplyPos, state) < 1 )
        -: 1297:    {
        3: 1298:      return -1;
        -: 1299:    }
        -: 1300:	
        -: 1301:  //added card for [whoseTurn] current player:
        -: 1302:  // toFlag = 0 : add to discard
        -: 1303:  // toFlag = 1 : add to deck
        -: 1304:  // toFlag = 2 : add to hand
        -: 1305:
       16: 1306:  if (toFlag == 1)
        -: 1307:    {
        3: 1308:      state->deck[ player ][ state->deckCount[player] ] = supplyPos;
        3: 1309:      state->deckCount[player]++;
        -: 1310:    }
       13: 1311:  else if (toFlag == 2)
        -: 1312:    {
        9: 1313:      state->hand[ player ][ state->handCount[player] ] = supplyPos;
        9: 1314:      state->handCount[player]++;
        -: 1315:    }
        -: 1316:  else
        -: 1317:    {
        4: 1318:      state->discard[player][ state->discardCount[player] ] = supplyPos;
        4: 1319:      state->discardCount[player]++;
        -: 1320:    }
        -: 1321:	
        -: 1322:  //decrease number in supply pile
       16: 1323:  state->supplyCount[supplyPos]--;
        -: 1324:	 
       16: 1325:  return 0;
        -: 1326:}
        -: 1327:
       15: 1328:int updateCoins(int player, struct gameState *state, int bonus)
        -: 1329:{
        -: 1330:  int i;
        -: 1331:	
        -: 1332:  //reset coin count
       15: 1333:  state->coins = 0;
        -: 1334:
        -: 1335:  //add coins for each Treasure card in player's hand
      102: 1336:  for (i = 0; i < state->handCount[player]; i++)
        -: 1337:    {
       87: 1338:      if (state->hand[player][i] == copper)
        -: 1339:	{
       65: 1340:	  state->coins += 1;
        -: 1341:	}
       22: 1342:      else if (state->hand[player][i] == silver)
        -: 1343:	{
        4: 1344:	  state->coins += 2;
        -: 1345:	}
       18: 1346:      else if (state->hand[player][i] == gold)
        -: 1347:	{
        3: 1348:	  state->coins += 3;
        -: 1349:	}	
        -: 1350:    }	
        -: 1351:
        -: 1352:  //add bonus
       15: 1353:  state->coins += bonus;
        -: 1354:
       15: 1355:  return 0;
        -: 1356:}
        -: 1357:
        -: 1358:
        -: 1359://end of dominion.c
        -: 1360:
